Start testing: Jun 14 03:02 UTC
----------------------------------------------------------
1/2 Testing: latency_test
1/2 Test: latency_test
Command: "/usr/bin/python3" "-u" "/opt/ros/foxy/share/ament_cmake_test/cmake/run_test.py" "/workspace/build/telemetry_bridge/test_results/telemetry_bridge/latency_test.gtest.xml" "--package-name" "telemetry_bridge" "--output-file" "/workspace/build/telemetry_bridge/ament_cmake_gtest/latency_test.txt" "--command" "/workspace/build/telemetry_bridge/latency_test" "--gtest_output=xml:/workspace/build/telemetry_bridge/test_results/telemetry_bridge/latency_test.gtest.xml"
Directory: /workspace/build/telemetry_bridge
"latency_test" start time: Jun 14 03:02 UTC
Output:
----------------------------------------------------------
-- run_test.py: invoking following command in '/workspace/build/telemetry_bridge':
 - /workspace/build/telemetry_bridge/latency_test --gtest_output=xml:/workspace/build/telemetry_bridge/test_results/telemetry_bridge/latency_test.gtest.xml
[==========] Running 2 tests from 1 test case.
[----------] Global test environment set-up.
[----------] 2 tests from LatencyTest
[ RUN      ] LatencyTest.MathVerification
[       OK ] LatencyTest.MathVerification (0 ms)
[ RUN      ] LatencyTest.ConcurrencyBurst
[       OK ] LatencyTest.ConcurrencyBurst (2 ms)
[----------] 2 tests from LatencyTest (2 ms total)

[----------] Global test environment tear-down
[==========] 2 tests from 1 test case ran. (2 ms total)
[  PASSED  ] 2 tests.
-- run_test.py: return code 0
-- run_test.py: inject classname prefix into gtest result file '/workspace/build/telemetry_bridge/test_results/telemetry_bridge/latency_test.gtest.xml'
-- run_test.py: verify result file '/workspace/build/telemetry_bridge/test_results/telemetry_bridge/latency_test.gtest.xml'
<end of output>
Test time =   0.04 sec
----------------------------------------------------------
Test Passed.
"latency_test" end time: Jun 14 03:02 UTC
"latency_test" time elapsed: 00:00:00
----------------------------------------------------------

2/2 Testing: monitor_test
2/2 Test: monitor_test
Command: "/usr/bin/python3" "-u" "/opt/ros/foxy/share/ament_cmake_test/cmake/run_test.py" "/workspace/build/telemetry_bridge/test_results/telemetry_bridge/monitor_test.gtest.xml" "--package-name" "telemetry_bridge" "--output-file" "/workspace/build/telemetry_bridge/ament_cmake_gtest/monitor_test.txt" "--command" "/workspace/build/telemetry_bridge/monitor_test" "--gtest_output=xml:/workspace/build/telemetry_bridge/test_results/telemetry_bridge/monitor_test.gtest.xml"
Directory: /workspace/build/telemetry_bridge
"monitor_test" start time: Jun 14 03:02 UTC
Output:
----------------------------------------------------------
-- run_test.py: invoking following command in '/workspace/build/telemetry_bridge':
 - /workspace/build/telemetry_bridge/monitor_test --gtest_output=xml:/workspace/build/telemetry_bridge/test_results/telemetry_bridge/monitor_test.gtest.xml
Running main() from /opt/ros/foxy/src/gtest_vendor/src/gtest_main.cc
[==========] Running 1 test from 1 test case.
[----------] Global test environment set-up.
[----------] 1 test from StateMonitorTest
[ RUN      ] StateMonitorTest.DetectsGapsAndStalePackets
[       OK ] StateMonitorTest.DetectsGapsAndStalePackets (11 ms)
[----------] 1 test from StateMonitorTest (11 ms total)

[----------] Global test environment tear-down
[==========] 1 test from 1 test case ran. (11 ms total)
[  PASSED  ] 1 test.
-- run_test.py: return code 0
-- run_test.py: inject classname prefix into gtest result file '/workspace/build/telemetry_bridge/test_results/telemetry_bridge/monitor_test.gtest.xml'
-- run_test.py: verify result file '/workspace/build/telemetry_bridge/test_results/telemetry_bridge/monitor_test.gtest.xml'
<end of output>
Test time =   0.05 sec
----------------------------------------------------------
Test Passed.
"monitor_test" end time: Jun 14 03:02 UTC
"monitor_test" time elapsed: 00:00:00
----------------------------------------------------------

End testing: Jun 14 03:02 UTC

gtest =   0.09 sec*proc

